bccb
acaca
bab
aa
baccab
cacaaacac
bbb
aa
cbcbc
aaacbcaacbcaaa
bcb
aacacaa
cbbc
aca
bab
a
bacacab
aacaa
acccacaccca
ccbbbbcc
cc
bcacb
babbab
cbabc
babbab
cbbccbbcccbbccbbc
bccb
aaccaa
a
c
bcb
a
baacaab
babab
bcb
bcb
baacaab
aaa
abba
acca
bcb
aaaaa
cbababc
bb
bbccbb
bacacab
aacaa
bbb
abba
cc
b
bcb
bcacb
bcb
bbacabb
ccbbbbbcc
bacab
bbb
ccbbcc
b
bcb
bbabaababb
cbbabbc
ccc
accca
abba
aaaaaa
acaaca
bbcacbb
babbabbab
cbcbc
bbbbaabbbb
aca
abccba
a
abba
bab
cc
cc
a
cc
acabaca
acbabca
bbcbb
bb
ccacaacacc
ccc
acccca
abaabaaba
cccc
caac
babcbbcbab
ccbcc
cbaabaabc
bbcbbbcbb
abba
cc
acbbca
bb
aaa
c
acccca
bab
baab
ccc
abba
acccca
bcbcb
bbccbb
bab
ccbabccbabcc
ccacbacabcacc
aa
ccc
abaaba
baaccaab
acca
ccc
ccc
cccc
baab
bcb
aca
cc
ccc
cc
aaabcbaaa
abbccbba
accca
bcaaacb
aaaa
cbccbbccbc
ccccc
bcb
abaaba
cbc
aca
cbbbc
bab
aaaa
aca
abba
bbbbb
caaac
bbb
acbca
ccbccbcc
acbca
aca
baab
acaca
bab
b
cbcbc
bbbb
bab
bab
baaab
aba
bbbbb
aba
aabaa
cc
a
cacac
babab
cbc
abbba
cacac
c
ccacc
bab
aaaa
aaaccaaa
aaaaccaaaa
bcacb
cccccc
abbba
acaca
cccc
caac
cc
bbabb
cbcbc
baabbbaab
aba
bab
babbab
aacccaa
bbabb
aa
a
bcaaccaacb
abbbba
a
bccb
bccbbccb
baab
bbbbbbbbb
aababaa
acbabca
bcb
bbaaaaaaabb
aaaaaa
abacbbbbcaba
cabac
caaaac
cc
acaca
cabac
aba
bbbb
c
aacabbacaa
babcabbbbacbab
cc
aababaa
cacac
cbc
acaaaaca
bcb
ccc
aaaa
abbba
cc
cc
bab
bcbbbbbcb
bbbb
aabbbaa
bcbcb
bbcbabababcbb
cac
ccc
bcb
aa
aabaa
acbca
abba
aaa
ccbbbbcc
cbbbc
aaabacabaaa
aabbbaa
ccbcbcc
aaaaa
bcb
aaccbcacbccaa
ccbccbcc
a
cbc
bcbcb
bcabbcbccccbcbbacb
accca
cbcbacccabcbc
b
abbbba
c
cabcbac
aabaa
cbc
cabbbac
ababa
baab
baaab
cc
bacab
babab
aca
aabaa
cac
bbbb
acccaccca
cbacabc
acbbca
c
cbc
ccc
acca
cccc
cccaaccc
aabbababbaa
bcccccb
bcb
abacaba
aaaa
bb
b
bacbcab
bb
cbacbcabc
bcb
aa
bb
acbcccbca
aa
cccc
baaab
ccccc
abaacaaba
babbcbbab
cbc
babab
bab
accca
cbbbc
bbbb
c
baaaab
bb
aca
abbba
acaacaacaaca
ccc
baaab
ccaccacc
bccb
bcb
cbbcbbcbbc
cababbabac
cbbbc
acca
abba
ccccc
aca
bcaaccabaccaacb
bcb
ccc
acbabca
aaaa
bcbbbcb
cabac
bccaccb
c
b
accacca
c
ccbbcc
ccc
aa
cbaabc
aa
abccba
bcb
cac
cc
aaa
cc
cbc
acaaaca
cbbbc
aaa
aabaa
abbbba
ccbcacbcc
bbababb
bab
cbc
bab
acbca
caac
bccbccb
aa
bbaacaabb
bbb
abaaaaaba
bccb
ababaaaababa
abaaba
bab
cccacaccc
cac
cac
bcbaaabcb
cbbc
bcaaaacb
bab
cabac
cccc
acacaca
aa
abbbba
bacab
bcbbcb
baab
accccccca
bbb
baab
abba
bcb
aca
cabac
bccb
bb
c
babccacbababcaccbab
acbbca
cbbc
aba
cbc
ccc
aa
cababac
cbcbc
aba
bbaabb
bab
bab
cabac
cc
aa
ccacc
aacabbabbacaa
cc
bcccb
cbc
acca
cc
acacccaca
ccacacc
cbabc
c
cc
bbabb
bb
c
bccb
cac
cac
cccccc
cac
a
accbcca
cabac
ccc
a
aba
bab
c
aacaa
cac
cacac
c
aca
bbbabbb
aa
a
aa
ccc
cc
bbbb
baaaaab
ccbcc
bbb
abba
aa
ccacc
bbbb
bcb
ccacc
bb
c
aaaa
bccbabccbabccb
bacbbcab
c
baab
aaa
bccb
cbcbcbc
cccbccc
acbbca
cacabacac
cac
aba
bccb
cbc
babbab
cac
cbbc
cacacac
cbabc
bccb
a
b
cbbc
bab
bb
cbc
b
aba
ccccc
caaac
a
aa
ababa
aaa
a
cc
bb
aca
abaaba
bcb
acbccbca
babaccbccabab
ababa
cc
ccacc
bb
bbb
cbcbc
aaaaa
bbaacaabb
abababa
bbb
b
bab
a
cabaabac
bccb
cc
cccbbccc
bcccb
abba
bbabb
acca
aaa
c
cccc
ababa
cacacac
cac
aa
ccc
acbbca
babcbab
aca
aa
abaaba
bbaabb
b
bbaaccaabb
b
a
cac
bbb
bcaabcbaacb
cc
cbbc
cbbc
aabbbbaa
a
aababaa
cacccac
ccc
aa
aaa
aa
bbb
c
cbbbc
c
acaca
acbca
bbb
aa
accca
cbc
abcbbcba
bccb
ccbbbbbcc
abcbbcba
acca
aacacaa
abba
bacaabbbaacab
c
aaccaa
caaccaac
bbcabbbacbb
bcb
cabaaabac
aaaaa
acbca
bbb
bbcbb
cbabc
aabbbaa
bacab
abbbba
bbcbcbb
cac
cc
aba
cbabc
a
cc
cbaabc
abccba
cbabc
bcccb
bbcbbabbcbb
bbbb
bbb
cbc
cccc
aacaa
ccc
aa
bcb
abba
cbabc
c
caccac
aabababaa
aa
cbbccbbc
cbcbababcbc
cabac
bcbcb
bcbcb
aacaa
bbbacabbb
caac
bccb
cc
baab
b
aca
baccab
bab
caac
cac
cbbc
accbbcca
bcacb
bbcbb
bab
baab
bacacab
bcbbcb
bccb
babbab
cc
aaabbaabbaaa
cbc
aa
cac
ccccccccccc
cac
bbbb
bbb
bbcbb
ccccccc
b
acbca
cbabc
bbacabb
aca
cbc
bbbacabbb
abba
accca
bbbbcbbbb
bcacb
cbabc
b
bab
abcccba
abaaba
ccbcc
acccaaccaaccca
bbb
aaaa
aaacabacaaa
aaa
bab
abba
cccccaaccccc
ccc
aba
aaaaaa
c
ccaacc
bacab
cccbaaaabccc
b
aabaa
bab
bb
ccbbcc
abba
caac
babbab
bb
bb
cbabbabc
aa
bcb
cbc
ccc
aaa
baab
aa
cbabc
bccb
bcacb
aaabbaaa
bcacb
ccccc
a
bab
baaaab
aa
bcbcb
cbbc
babab
bccb
cacac
baaaaab
cbc
baab
abbbba
cbbc
aa
bacacacab
aacccacccaa
cbccbc
ccbcc
ababa
bcabbbacb
aacccaa
aabbbaa
acbbca
abababa
cc
caac
cbbbc
bbabb
bcb
b
caaaaac
bbcbb
baaab
bbb
aca
cc
ccaaaacc
bcb
c
bccb
bccb
cbbbbc
bcb
bbabaaababb
bbb
bcacacb
bbbbb
bb
bcbcb
bcacb
aa
c
bab
bb
ccc
abccaccaccba
cbaaabc
cbccbc
bb
aba
cac
cbaaabc
ababa
cabbac
bacbbbcab
acca
a
bccb
bb
babbab
a
cbaaabc
aaa
abcccba
caac
bcaacb
ccacc
aacbcaa
cacac
aaaa
acbca
cc
acaaacbabcaaaca
baaacaaab
babaabab
bbbaabbb
babbab
aaccbbccaa
baccab
aa
acca
bab
ccaacc
cc
ababa
bab
aacaa
bbb
bbbb
aba
aaa
aba
babbab
aaa
aaa
aaaaaa
ccacacc
cababac
aaaacccaaaa
aca
ccaaaacc
acca
cbabc
a
cbbbc
abaaba
bab
cbc
caac
bbb
bcacb
cccababaccc
accca
abbbba
bcb
bbbbb
aca
babbbab
bbbbb
aa
ccbaacaabcc
bb
aca
abbba
acabaca
accca
bbababb
ccbcbcc
bbbcacbbb
caccac
b
bbbabbb
bcb
baaab
ccc
aca
cabac
bbb
bab
bacab
cc
cac
bcbbcb
cacac
aaa
aacacaaaacacaa
abba
bccb
bbaaaabb
cbbabbc
ababa
c
caabaac
bcccb
ccbbcc
baab
aa
abbba
c
bab
bbb
ccccc
bb
abcacba
bccaccb
bccbaaaabccb
cabac
cac
bccb
cc
cc
bbb
aa
aacacabacacaa
cabbbac
b
c
caacaac
cc
bbbb
aa
aaaaa
acccca
bb
aba
ccacc
babab
cbabc
aa
cacac
aca
bbb
cc
bbb
cbbbc
acaca
cac
a
bcb
bacbbcbbcab
bbbbbb
acbcbca
caac
bbcbb
bab
b
cabac
aca
ccbcc
accbcca
cacccac
abacacaba
abbacabba
bccb
cac
ccabacc
cabac
acca
cacaaacac
aaabbcccbbaaa
c
aba
bbaabb
bcb
acaaaca
bcaccacb
bbbbb
bbcbcbb
acca
ccccc
aabbaa
c
abacaba
cbbbc
aaaa
cbbc
cbcbc
ccc
acbbca
bbcbb
cc
acaaaca
aaa
aacaaacaaacaa
babab
bb
caaac
bcb
cbcaacbc
bcbcacbcb
acabaca
bacbbaccabbcab
ccc
cccaccc
bb
b
caccac
ababa
caaccccaac
bcaacb
bab
b
acbca
bcccaacccb
accbcca
a
cbc
ccc
bcbabcb
baaab
baacbcaab
accacca
aba
bbb
cacac
bbcbb
caac
acbca
bbcbcbb
